{"C:\\Users\\Kamilio\\Desktop\\module2\\To-Do-list-JS-best-practices\\module\\util.js": {"path":"C:\\Users\\Kamilio\\Desktop\\module2\\To-Do-list-JS-best-practices\\module\\util.js","statementMap":{"0":{"start":{"line":1,"column":16},"end":{"line":30,"column":1}},"1":{"start":{"line":2,"column":24},"end":{"line":2,"column":65}},"2":{"start":{"line":3,"column":15},"end":{"line":3,"column":59}},"3":{"start":{"line":5,"column":2},"end":{"line":5,"column":31}},"4":{"start":{"line":6,"column":2},"end":{"line":29,"column":5}},"5":{"start":{"line":7,"column":17},"end":{"line":22,"column":3}},"6":{"start":{"line":24,"column":24},"end":{"line":24,"column":53}},"7":{"start":{"line":25,"column":4},"end":{"line":25,"column":46}},"8":{"start":{"line":26,"column":4},"end":{"line":26,"column":55}},"9":{"start":{"line":27,"column":4},"end":{"line":27,"column":33}},"10":{"start":{"line":28,"column":4},"end":{"line":28,"column":43}},"11":{"start":{"line":32,"column":16},"end":{"line":53,"column":1}},"12":{"start":{"line":33,"column":13},"end":{"line":33,"column":15}},"13":{"start":{"line":35,"column":2},"end":{"line":40,"column":3}},"14":{"start":{"line":36,"column":4},"end":{"line":36,"column":56}},"15":{"start":{"line":38,"column":4},"end":{"line":38,"column":63}},"16":{"start":{"line":39,"column":4},"end":{"line":39,"column":56}},"17":{"start":{"line":41,"column":22},"end":{"line":41,"column":35}},"18":{"start":{"line":42,"column":19},"end":{"line":42,"column":54}},"19":{"start":{"line":44,"column":15},"end":{"line":48,"column":3}},"20":{"start":{"line":50,"column":2},"end":{"line":50,"column":18}},"21":{"start":{"line":51,"column":2},"end":{"line":51,"column":57}},"22":{"start":{"line":52,"column":2},"end":{"line":52,"column":24}},"23":{"start":{"line":55,"column":19},"end":{"line":64,"column":1}},"24":{"start":{"line":56,"column":24},"end":{"line":56,"column":65}},"25":{"start":{"line":57,"column":16},"end":{"line":57,"column":55}},"26":{"start":{"line":58,"column":2},"end":{"line":63,"column":5}},"27":{"start":{"line":60,"column":19},"end":{"line":60,"column":21}},"28":{"start":{"line":61,"column":4},"end":{"line":61,"column":61}},"29":{"start":{"line":62,"column":4},"end":{"line":62,"column":26}}},"fnMap":{"0":{"name":"(anonymous_0)","decl":{"start":{"line":1,"column":16},"end":{"line":1,"column":17}},"loc":{"start":{"line":1,"column":34},"end":{"line":30,"column":1}},"line":1},"1":{"name":"(anonymous_1)","decl":{"start":{"line":6,"column":15},"end":{"line":6,"column":16}},"loc":{"start":{"line":6,"column":25},"end":{"line":29,"column":3}},"line":6},"2":{"name":"(anonymous_2)","decl":{"start":{"line":32,"column":16},"end":{"line":32,"column":17}},"loc":{"start":{"line":32,"column":44},"end":{"line":53,"column":1}},"line":32},"3":{"name":"(anonymous_3)","decl":{"start":{"line":55,"column":19},"end":{"line":55,"column":20}},"loc":{"start":{"line":55,"column":37},"end":{"line":64,"column":1}},"line":55},"4":{"name":"(anonymous_4)","decl":{"start":{"line":58,"column":16},"end":{"line":58,"column":17}},"loc":{"start":{"line":58,"column":22},"end":{"line":63,"column":3}},"line":58}},"branchMap":{"0":{"loc":{"start":{"line":35,"column":2},"end":{"line":40,"column":3}},"type":"if","locations":[{"start":{"line":35,"column":2},"end":{"line":40,"column":3}},{"start":{"line":37,"column":9},"end":{"line":40,"column":3}}],"line":35},"1":{"loc":{"start":{"line":42,"column":19},"end":{"line":42,"column":54}},"type":"cond-expr","locations":[{"start":{"line":42,"column":39},"end":{"line":42,"column":40}},{"start":{"line":42,"column":43},"end":{"line":42,"column":54}}],"line":42}},"s":{"0":1,"1":2,"2":2,"3":2,"4":2,"5":1,"6":1,"7":1,"8":1,"9":1,"10":1,"11":1,"12":1,"13":1,"14":0,"15":1,"16":1,"17":1,"18":1,"19":1,"20":1,"21":1,"22":1,"23":1,"24":1,"25":1,"26":1,"27":1,"28":1,"29":1},"f":{"0":2,"1":1,"2":1,"3":1,"4":1},"b":{"0":[0,1],"1":[1,0]},"_coverageSchema":"1a1c01bbd47fc00a2c39e90264f33305004495a9","hash":"0459ef0ab545410364bf6d3dfff272edda5722bd"}
}
