TN:
SF:module\util.js
FN:1,(anonymous_0)
FN:6,(anonymous_1)
FN:32,(anonymous_2)
FN:55,(anonymous_3)
FN:58,(anonymous_4)
FNF:5
FNH:5
FNDA:2,(anonymous_0)
FNDA:1,(anonymous_1)
FNDA:1,(anonymous_2)
FNDA:1,(anonymous_3)
FNDA:1,(anonymous_4)
DA:1,1
DA:2,2
DA:3,2
DA:5,2
DA:6,2
DA:7,1
DA:24,1
DA:25,1
DA:26,1
DA:27,1
DA:28,1
DA:32,1
DA:33,1
DA:35,1
DA:36,0
DA:38,1
DA:39,1
DA:41,1
DA:42,1
DA:44,1
DA:50,1
DA:51,1
DA:52,1
DA:55,1
DA:56,1
DA:57,1
DA:58,1
DA:60,1
DA:61,1
DA:62,1
LF:30
LH:29
BRDA:35,0,0,0
BRDA:35,0,1,1
BRDA:42,1,0,1
BRDA:42,1,1,0
BRF:4
BRH:2
end_of_record
